%!Adobe-FontList 1.18
%Locale:0x409

%BeginFont
Handler:DirectoryHandler
FontType:TrueType
FontName:ArialMT
FamilyName:Arial
StyleName:Regular
FullName:Arial
MenuName:Arial
StyleBits:0
WritingScript:Roman
OutlineFileName:C:\Users\GrossE\Documents\GitHub\SH_MarComm_Repo\Transition Signage\Were Moving Folder\Document fonts\arial.ttf
DataFormat:sfntData
hasSVG:no
FileLength:774236
FileModTime:1450274914
WeightClass:400
WidthClass:5
AngleClass:0
NameArray:0,Mac,4,Arial
NameArray:0,Win,1,Arial
%EndFont

%BeginFont
Handler:DirectoryHandler
FontType:Type1
FontName:HelveticaNeueLTStd-Bd
FamilyName:Helvetica Neue LT Std
StyleName:75 Bold
FullName:Helvetica Neue LT Std 75 Bold
MenuName:HelveticaNeueLT Std
StyleBits:2
WritingScript:Roman
OutlineFileName:C:\Users\GrossE\Documents\GitHub\SH_MarComm_Repo\Transition Signage\Were Moving Folder\Document fonts\HelveticaNeueLTStd-Bd_0.otf
DataFormat:sfntData
UsesStandardEncoding:yes
isCFF:yes
hasSVG:no
FileLength:28240
FileModTime:1390530674
WeightClass:700
WidthClass:5
AngleClass:0
NameArray:0,Mac,18,HelveticaNeueLT Std Bold
NameArray:0,Mac,4,Helvetica Neue LT Std 75 Bold
NameArray:0,Win,1,HelveticaNeueLT Std
NameArray:0,Win,16,Helvetica Neue LT Std
%EndFont

%BeginFont
Handler:DirectoryHandler
FontType:Type1
FontName:HelveticaNeueLTStd-Lt
FamilyName:Helvetica Neue LT Std
StyleName:45 Light
FullName:Helvetica Neue LT Std 45 Light
MenuName:HelveticaNeueLT Std Lt
StyleBits:0
WritingScript:Roman
OutlineFileName:C:\Users\GrossE\Documents\GitHub\SH_MarComm_Repo\Transition Signage\Were Moving Folder\Document fonts\HelveticaNeueLTStd-Lt_0.otf
DataFormat:sfntData
UsesStandardEncoding:yes
isCFF:yes
hasSVG:no
FileLength:28980
FileModTime:1395762691
WeightClass:300
WidthClass:5
AngleClass:0
DesignSize:120
NameArray:0,Mac,18,HelveticaNeueLT Std Lt
NameArray:0,Mac,4,Helvetica Neue LT Std 45 Light
NameArray:0,Win,1,HelveticaNeueLT Std Lt
NameArray:0,Win,16,Helvetica Neue LT Std
%EndFont

%BeginFont
Handler:DirectoryHandler
FontType:TrueType
FontName:TimesNewRomanPSMT
FamilyName:Times New Roman
StyleName:Regular
FullName:Times New Roman
MenuName:Times New Roman
StyleBits:0
WritingScript:Roman
OutlineFileName:C:\Users\GrossE\Documents\GitHub\SH_MarComm_Repo\Transition Signage\Were Moving Folder\Document fonts\times.ttf
DataFormat:sfntData
hasSVG:no
FileLength:836516
FileModTime:1450274914
WeightClass:400
WidthClass:5
AngleClass:0
NameArray:0,Mac,4,Times New Roman
NameArray:0,Win,1,Times New Roman
%EndFont

