%!Adobe-FontList 1.19
%Locale:0x409

%BeginFont
Handler:DirectoryHandler
FontType:Type1
FontName:HelveticaNeueLTStd-Bd
FamilyName:Helvetica Neue LT Std
StyleName:75 Bold
FullName:Helvetica Neue LT Std 75 Bold
MenuName:HelveticaNeueLT Std
StyleBits:2
WritingScript:Roman
OutlineFileName:H:\SH_MarComm_Repo\Mani Physician Brochure\18-CPMC-0011856_Physician Brochure_BRO Folder\Document fonts\HelveticaNeueLTStd-Bd.otf
DataFormat:sfntData
UsesStandardEncoding:yes
isCFF:yes
hasSVG:no
VariableFontType:NonVariableFont
FileLength:29448
FileModTime:1532546101
WeightClass:700
WidthClass:5
AngleClass:0
NameArray:0,Mac,18,HelveticaNeueLT Std Bold
NameArray:0,Mac,4,Helvetica Neue LT Std 75 Bold
NameArray:0,Win,1,HelveticaNeueLT Std
NameArray:0,Win,16,Helvetica Neue LT Std
%EndFont

%BeginFont
Handler:DirectoryHandler
FontType:Type1
FontName:HelveticaNeueLTStd-It
FamilyName:Helvetica Neue LT Std
StyleName:56 Italic
FullName:Helvetica Neue LT Std 56 Italic
MenuName:HelveticaNeueLT Std
StyleBits:1
WritingScript:Roman
OutlineFileName:H:\SH_MarComm_Repo\Mani Physician Brochure\18-CPMC-0011856_Physician Brochure_BRO Folder\Document fonts\HelveticaNeueLTStd-It.otf
DataFormat:sfntData
UsesStandardEncoding:yes
isCFF:yes
hasSVG:no
VariableFontType:NonVariableFont
FileLength:29620
FileModTime:1532546101
WeightClass:400
WidthClass:5
AngleClass:1
NameArray:0,Mac,18,HelveticaNeueLT Std Ital
NameArray:0,Mac,4,Helvetica Neue LT Std 56 Italic
NameArray:0,Win,1,HelveticaNeueLT Std
NameArray:0,Win,16,Helvetica Neue LT Std
%EndFont

%BeginFont
Handler:DirectoryHandler
FontType:Type1
FontName:HelveticaNeueLTStd-Lt
FamilyName:Helvetica Neue LT Std
StyleName:45 Light
FullName:Helvetica Neue LT Std 45 Light
MenuName:HelveticaNeueLT Std Lt
StyleBits:0
WritingScript:Roman
OutlineFileName:H:\SH_MarComm_Repo\Mani Physician Brochure\18-CPMC-0011856_Physician Brochure_BRO Folder\Document fonts\HelveticaNeueLTStd-Lt.otf
DataFormat:sfntData
UsesStandardEncoding:yes
isCFF:yes
hasSVG:no
VariableFontType:NonVariableFont
FileLength:29328
FileModTime:1532546101
WeightClass:300
WidthClass:5
AngleClass:0
NameArray:0,Mac,18,HelveticaNeueLT Std Lt
NameArray:0,Mac,4,Helvetica Neue LT Std 45 Light
NameArray:0,Win,1,HelveticaNeueLT Std Lt
NameArray:0,Win,16,Helvetica Neue LT Std
%EndFont

%BeginFont
Handler:DirectoryHandler
FontType:Type1
FontName:HelveticaNeueLTStd-LtCn
FamilyName:Helvetica Neue LT Std
StyleName:47 Light Condensed
FullName:Helvetica Neue LT Std 47 Light Condensed
MenuName:HelveticaNeueLT Std Lt Cn
StyleBits:0
WritingScript:Roman
OutlineFileName:H:\SH_MarComm_Repo\Mani Physician Brochure\18-CPMC-0011856_Physician Brochure_BRO Folder\Document fonts\HelveticaNeueLTStd-LtCn_0.otf
DataFormat:sfntData
UsesStandardEncoding:yes
isCFF:yes
hasSVG:no
VariableFontType:NonVariableFont
FileLength:28652
FileModTime:1532546101
WeightClass:300
WidthClass:3
AngleClass:0
DesignSize:120
NameArray:0,Mac,18,HelveticaNeueLT Std Lt Cn
NameArray:0,Mac,4,Helvetica Neue LT Std 47 Light Condensed
NameArray:0,Win,1,HelveticaNeueLT Std Lt Cn
NameArray:0,Win,16,Helvetica Neue LT Std
%EndFont

%BeginFont
Handler:DirectoryHandler
FontType:Type1
FontName:HelveticaNeueLTStd-Md
FamilyName:Helvetica Neue LT Std
StyleName:65 Medium
FullName:Helvetica Neue LT Std 65 Medium
MenuName:HelveticaNeueLT Std Med
StyleBits:0
WritingScript:Roman
OutlineFileName:H:\SH_MarComm_Repo\Mani Physician Brochure\18-CPMC-0011856_Physician Brochure_BRO Folder\Document fonts\HelveticaNeueLTStd-Md.otf
DataFormat:sfntData
UsesStandardEncoding:yes
isCFF:yes
hasSVG:no
VariableFontType:NonVariableFont
FileLength:29468
FileModTime:1532469881
WeightClass:500
WidthClass:5
AngleClass:0
NameArray:0,Mac,18,HelveticaNeueLT Std Med
NameArray:0,Mac,4,Helvetica Neue LT Std 65 Medium
NameArray:0,Win,1,HelveticaNeueLT Std Med
NameArray:0,Win,16,Helvetica Neue LT Std
%EndFont

%BeginFont
Handler:DirectoryHandler
FontType:Type1
FontName:HelveticaNeueLTStd-BdCn
FamilyName:Helvetica Neue LT Std
StyleName:77 Bold Condensed
FullName:Helvetica Neue LT Std 77 Bold Condensed
MenuName:HelveticaNeueLT Std Cn
StyleBits:2
WritingScript:Roman
OutlineFileName:H:\SH_MarComm_Repo\Mani Physician Brochure\18-CPMC-0011856_Physician Brochure_BRO Folder\Document fonts\HelveticaNeueLTStd-BdCn.otf
DataFormat:sfntData
UsesStandardEncoding:yes
isCFF:yes
hasSVG:no
VariableFontType:NonVariableFont
FileLength:29268
FileModTime:1390534276
WeightClass:700
WidthClass:3
AngleClass:0
NameArray:0,Mac,18,HelveticaNeueLT Std Bold Cn
NameArray:0,Mac,4,Helvetica Neue LT Std 77 Bold Condensed
NameArray:0,Win,1,HelveticaNeueLT Std Cn
NameArray:0,Win,16,Helvetica Neue LT Std
%EndFont

